<?xml version="1.0" encoding="UTF-8"?>
<!-- Generated by org.testng.reporters.JUnitReportReporter -->
<testsuite skipped="0" hostname="DRBSURYAKANTH" name="mavenpractice1.mavenclass" tests="1" failures="0" timestamp="2022-09-14T23:30:45 IST" time="0.229" errors="0">
  <testcase name="attestmet" time="0.229" classname="mavenpractice1.mavenclass"/>
  <system-out/>
</testsuite> <!-- mavenpractice1.mavenclass -->
